[debug] [2021-03-14T03:42:43.769Z] ----------------------------------------------------------------------
[debug] [2021-03-14T03:42:43.774Z] Command:       C:\Program Files\nodejs\node.exe C:\Users\NeerJ\AppData\Roaming\npm\node_modules\firebase-tools\lib\bin\firebase.js init
[debug] [2021-03-14T03:42:43.775Z] CLI Version:   9.6.1
[debug] [2021-03-14T03:42:43.775Z] Platform:      win32
[debug] [2021-03-14T03:42:43.776Z] Node Version:  v14.15.4
[debug] [2021-03-14T03:42:43.779Z] Time:          Sat Mar 13 2021 22:42:43 GMT-0500 (Eastern Standard Time)
[debug] [2021-03-14T03:42:43.780Z] ----------------------------------------------------------------------
[debug] [2021-03-14T03:42:43.780Z] 
[debug] [2021-03-14T03:42:43.798Z] > command requires scopes: ["email","openid","https://www.googleapis.com/auth/cloudplatformprojects.readonly","https://www.googleapis.com/auth/firebase","https://www.googleapis.com/auth/cloud-platform"]
[debug] [2021-03-14T03:42:43.800Z] > authorizing via signed-in user
[info] 
     ######## #### ########  ######## ########     ###     ######  ########
     ##        ##  ##     ## ##       ##     ##  ##   ##  ##       ##
     ######    ##  ########  ######   ########  #########  ######  ######
     ##        ##  ##    ##  ##       ##     ## ##     ##       ## ##
     ##       #### ##     ## ######## ########  ##     ##  ######  ########

You're about to initialize a Firebase project in this directory:

  C:\Users\NeerJ\OneDrive\Documents\Front End Training\proj-shopping

Before we get started, keep in mind:

  * You are initializing in an existing Firebase project directory

[info] 
=== Project Setup
[info] 
[info] First, let's associate this project directory with a Firebase project.
[info] You can create multiple project aliases by running firebase use --add, 
[info] but for now we'll just set up a default project.
[info] 
[info] i  .firebaserc already has a default project, using proj-0522. 
[debug] [2021-03-14T03:42:58.969Z] >>> [apiv2][query] GET https://firebase.googleapis.com/v1beta1/projects/proj-0522 [none]
[debug] [2021-03-14T03:42:59.381Z] <<< [apiv2][status] GET https://firebase.googleapis.com/v1beta1/projects/proj-0522 200
[debug] [2021-03-14T03:42:59.381Z] <<< [apiv2][body] GET https://firebase.googleapis.com/v1beta1/projects/proj-0522 {"projectId":"proj-0522","projectNumber":"248571829565","displayName":"Shopping","name":"projects/proj-0522","resources":{"hostingSite":"proj-0522"},"state":"ACTIVE"}
[info] 
=== Hosting Setup
[info] 
[info] Your public directory is the folder (relative to your project directory) that
[info] will contain Hosting assets to be uploaded with firebase deploy. If you
[info] have a build process for your assets, use your build's output directory.
[info] 
